
*** Running vivado
    with args -log seg_decoder_Debouncer_0_0.vds -m64 -product Vivado -mode batch -messageDb vivado.pb -notrace -source seg_decoder_Debouncer_0_0.tcl


****** Vivado v2019.2 (64-bit)
  **** SW Build 2708876 on Wed Nov  6 21:40:23 MST 2019
  **** IP Build 2700528 on Thu Nov  7 00:09:20 MST 2019
    ** Copyright 1986-2019 Xilinx, Inc. All Rights Reserved.

source seg_decoder_Debouncer_0_0.tcl -notrace
create_project: Time (s): cpu = 00:00:08 ; elapsed = 00:00:17 . Memory (MB): peak = 442.164 ; gain = 157.684
Command: synth_design -top seg_decoder_Debouncer_0_0 -part xc7a35tcpg236-1 -mode out_of_context
Starting synth_design
WARNING: [IP_Flow 19-3571] IP 'seg_decoder_Debouncer_0_0' is restricted:
* Module reference is stale and needs refreshing.
Attempting to get a license for feature 'Synthesis' and/or device 'xc7a35t'
INFO: [Common 17-349] Got license for feature 'Synthesis' and/or device 'xc7a35t'
INFO: Launching helper process for spawning children vivado processes
INFO: Helper process launched with PID 8712 
---------------------------------------------------------------------------------
Starting Synthesize : Time (s): cpu = 00:00:15 ; elapsed = 00:00:19 . Memory (MB): peak = 712.570 ; gain = 240.609
---------------------------------------------------------------------------------
INFO: [Synth 8-6157] synthesizing module 'seg_decoder_Debouncer_0_0' [c:/vivado_workspace/Seg_Decoder_Lab2/Seg_Decoder.srcs/sources_1/bd/seg_decoder/ip/seg_decoder_Debouncer_0_0/synth/seg_decoder_Debouncer_0_0.v:58]
INFO: [Synth 8-6157] synthesizing module 'Debouncer' [C:/vivado_workspace/Seg_Decoder_Lab2/Seg_Decoder.srcs/sources_1/new/Debouncer.v:23]
INFO: [Synth 8-6155] done synthesizing module 'Debouncer' (1#1) [C:/vivado_workspace/Seg_Decoder_Lab2/Seg_Decoder.srcs/sources_1/new/Debouncer.v:23]
INFO: [Synth 8-6155] done synthesizing module 'seg_decoder_Debouncer_0_0' (2#1) [c:/vivado_workspace/Seg_Decoder_Lab2/Seg_Decoder.srcs/sources_1/bd/seg_decoder/ip/seg_decoder_Debouncer_0_0/synth/seg_decoder_Debouncer_0_0.v:58]
---------------------------------------------------------------------------------
Finished Synthesize : Time (s): cpu = 00:00:18 ; elapsed = 00:00:23 . Memory (MB): peak = 784.895 ; gain = 312.934
---------------------------------------------------------------------------------
---------------------------------------------------------------------------------
Finished Constraint Validation : Time (s): cpu = 00:00:19 ; elapsed = 00:00:25 . Memory (MB): peak = 784.895 ; gain = 312.934
---------------------------------------------------------------------------------
---------------------------------------------------------------------------------
Start Loading Part and Timing Information
---------------------------------------------------------------------------------
Loading part: xc7a35tcpg236-1
---------------------------------------------------------------------------------
Finished Loading Part and Timing Information : Time (s): cpu = 00:00:19 ; elapsed = 00:00:25 . Memory (MB): peak = 784.895 ; gain = 312.934
---------------------------------------------------------------------------------
INFO: [Device 21-403] Loading part xc7a35tcpg236-1
---------------------------------------------------------------------------------
Finished RTL Optimization Phase 2 : Time (s): cpu = 00:00:20 ; elapsed = 00:00:25 . Memory (MB): peak = 784.895 ; gain = 312.934
---------------------------------------------------------------------------------

Report RTL Partitions: 
+-+--------------+------------+----------+
| |RTL Partition |Replication |Instances |
+-+--------------+------------+----------+
+-+--------------+------------+----------+
No constraint files found.
---------------------------------------------------------------------------------
Start RTL Component Statistics 
---------------------------------------------------------------------------------
Detailed RTL Component Info : 
+---Adders : 
	   2 Input     21 Bit       Adders := 1     
+---Registers : 
	                1 Bit    Registers := 1     
+---Muxes : 
	   2 Input      1 Bit        Muxes := 1     
---------------------------------------------------------------------------------
Finished RTL Component Statistics 
---------------------------------------------------------------------------------
---------------------------------------------------------------------------------
Start RTL Hierarchical Component Statistics 
---------------------------------------------------------------------------------
Hierarchical RTL Component report 
Module Debouncer 
Detailed RTL Component Info : 
+---Adders : 
	   2 Input     21 Bit       Adders := 1     
+---Registers : 
	                1 Bit    Registers := 1     
+---Muxes : 
	   2 Input      1 Bit        Muxes := 1     
---------------------------------------------------------------------------------
Finished RTL Hierarchical Component Statistics
---------------------------------------------------------------------------------
---------------------------------------------------------------------------------
Start Part Resource Summary
---------------------------------------------------------------------------------
Part Resources:
DSPs: 90 (col length:60)
BRAMs: 100 (col length: RAMB18 60 RAMB36 30)
---------------------------------------------------------------------------------
Finished Part Resource Summary
---------------------------------------------------------------------------------
No constraint files found.
---------------------------------------------------------------------------------
Start Cross Boundary and Area Optimization
---------------------------------------------------------------------------------
Warning: Parallel synthesis criteria is not met 
---------------------------------------------------------------------------------
Finished Cross Boundary and Area Optimization : Time (s): cpu = 00:00:33 ; elapsed = 00:00:39 . Memory (MB): peak = 930.773 ; gain = 458.812
---------------------------------------------------------------------------------

Report RTL Partitions: 
+-+--------------+------------+----------+
| |RTL Partition |Replication |Instances |
+-+--------------+------------+----------+
+-+--------------+------------+----------+
No constraint files found.
---------------------------------------------------------------------------------
Start Timing Optimization
---------------------------------------------------------------------------------
---------------------------------------------------------------------------------
Finished Timing Optimization : Time (s): cpu = 00:00:33 ; elapsed = 00:00:40 . Memory (MB): peak = 931.672 ; gain = 459.711
---------------------------------------------------------------------------------

Report RTL Partitions: 
+-+--------------+------------+----------+
| |RTL Partition |Replication |Instances |
+-+--------------+------------+----------+
+-+--------------+------------+----------+
---------------------------------------------------------------------------------
Start Technology Mapping
---------------------------------------------------------------------------------
---------------------------------------------------------------------------------
Finished Technology Mapping : Time (s): cpu = 00:00:33 ; elapsed = 00:00:40 . Memory (MB): peak = 931.672 ; gain = 459.711
---------------------------------------------------------------------------------

Report RTL Partitions: 
+-+--------------+------------+----------+
| |RTL Partition |Replication |Instances |
+-+--------------+------------+----------+
+-+--------------+------------+----------+
---------------------------------------------------------------------------------
Start IO Insertion
---------------------------------------------------------------------------------
---------------------------------------------------------------------------------
Start Flattening Before IO Insertion
---------------------------------------------------------------------------------
---------------------------------------------------------------------------------
Finished Flattening Before IO Insertion
---------------------------------------------------------------------------------
---------------------------------------------------------------------------------
Start Final Netlist Cleanup
---------------------------------------------------------------------------------
---------------------------------------------------------------------------------
Finished Final Netlist Cleanup
---------------------------------------------------------------------------------
---------------------------------------------------------------------------------
Finished IO Insertion : Time (s): cpu = 00:00:44 ; elapsed = 00:00:51 . Memory (MB): peak = 933.664 ; gain = 461.703
---------------------------------------------------------------------------------
---------------------------------------------------------------------------------
Start Renaming Generated Instances
---------------------------------------------------------------------------------
---------------------------------------------------------------------------------
Finished Renaming Generated Instances : Time (s): cpu = 00:00:44 ; elapsed = 00:00:51 . Memory (MB): peak = 933.664 ; gain = 461.703
---------------------------------------------------------------------------------

Report RTL Partitions: 
+-+--------------+------------+----------+
| |RTL Partition |Replication |Instances |
+-+--------------+------------+----------+
+-+--------------+------------+----------+

Report Check Netlist: 
+------+------------------+-------+---------+-------+------------------+
|      |Item              |Errors |Warnings |Status |Description       |
+------+------------------+-------+---------+-------+------------------+
|1     |multi_driven_nets |      0|        0|Passed |Multi driven nets |
+------+------------------+-------+---------+-------+------------------+
---------------------------------------------------------------------------------
Start Rebuilding User Hierarchy
---------------------------------------------------------------------------------
---------------------------------------------------------------------------------
Finished Rebuilding User Hierarchy : Time (s): cpu = 00:00:44 ; elapsed = 00:00:51 . Memory (MB): peak = 933.664 ; gain = 461.703
---------------------------------------------------------------------------------
---------------------------------------------------------------------------------
Start Renaming Generated Ports
---------------------------------------------------------------------------------
---------------------------------------------------------------------------------
Finished Renaming Generated Ports : Time (s): cpu = 00:00:44 ; elapsed = 00:00:51 . Memory (MB): peak = 933.664 ; gain = 461.703
---------------------------------------------------------------------------------
---------------------------------------------------------------------------------
Start Handling Custom Attributes
---------------------------------------------------------------------------------
---------------------------------------------------------------------------------
Finished Handling Custom Attributes : Time (s): cpu = 00:00:44 ; elapsed = 00:00:51 . Memory (MB): peak = 933.664 ; gain = 461.703
---------------------------------------------------------------------------------
---------------------------------------------------------------------------------
Start Renaming Generated Nets
---------------------------------------------------------------------------------
---------------------------------------------------------------------------------
Finished Renaming Generated Nets : Time (s): cpu = 00:00:44 ; elapsed = 00:00:51 . Memory (MB): peak = 933.664 ; gain = 461.703
---------------------------------------------------------------------------------
---------------------------------------------------------------------------------
Start Writing Synthesis Report
---------------------------------------------------------------------------------

Report BlackBoxes: 
+-+--------------+----------+
| |BlackBox name |Instances |
+-+--------------+----------+
+-+--------------+----------+

Report Cell Usage: 
+------+-------+------+
|      |Cell   |Count |
+------+-------+------+
|1     |CARRY4 |    11|
|2     |LUT1   |     1|
|3     |LUT4   |     1|
|4     |FDRE   |    22|
+------+-------+------+

Report Instance Areas: 
+------+---------+----------+------+
|      |Instance |Module    |Cells |
+------+---------+----------+------+
|1     |top      |          |    35|
|2     |  inst   |Debouncer |    35|
+------+---------+----------+------+
---------------------------------------------------------------------------------
Finished Writing Synthesis Report : Time (s): cpu = 00:00:44 ; elapsed = 00:00:51 . Memory (MB): peak = 933.664 ; gain = 461.703
---------------------------------------------------------------------------------
Synthesis finished with 0 errors, 0 critical warnings and 0 warnings.
Synthesis Optimization Runtime : Time (s): cpu = 00:00:44 ; elapsed = 00:00:51 . Memory (MB): peak = 933.664 ; gain = 461.703
Synthesis Optimization Complete : Time (s): cpu = 00:00:44 ; elapsed = 00:00:51 . Memory (MB): peak = 933.664 ; gain = 461.703
INFO: [Project 1-571] Translating synthesized netlist
Netlist sorting complete. Time (s): cpu = 00:00:00 ; elapsed = 00:00:00.001 . Memory (MB): peak = 945.930 ; gain = 0.000
INFO: [Netlist 29-17] Analyzing 11 Unisim elements for replacement
INFO: [Netlist 29-28] Unisim Transformation completed in 0 CPU seconds
INFO: [Project 1-570] Preparing netlist for logic optimization
INFO: [Opt 31-138] Pushed 0 inverter(s) to 0 load pin(s).
Netlist sorting complete. Time (s): cpu = 00:00:00 ; elapsed = 00:00:00 . Memory (MB): peak = 1045.270 ; gain = 0.000
INFO: [Project 1-111] Unisim Transformation Summary:
No Unisim elements were transformed.

INFO: [Common 17-83] Releasing license: Synthesis
13 Infos, 1 Warnings, 0 Critical Warnings and 0 Errors encountered.
synth_design completed successfully
synth_design: Time (s): cpu = 00:00:53 ; elapsed = 00:01:21 . Memory (MB): peak = 1045.270 ; gain = 578.273
Netlist sorting complete. Time (s): cpu = 00:00:00 ; elapsed = 00:00:00 . Memory (MB): peak = 1045.270 ; gain = 0.000
WARNING: [Constraints 18-5210] No constraints selected for write.
Resolution: This message can indicate that there are no constraints for the design, or it can indicate that the used_in flags are set such that the constraints are ignored. This later case is used when running synth_design to not write synthesis constraints to the resulting checkpoint. Instead, project constraints are read when the synthesized design is opened.
INFO: [Timing 38-35] Done setting XDC timing constraints.
INFO: [Common 17-1381] The checkpoint 'C:/vivado_workspace/Seg_Decoder_Lab2/Seg_Decoder.runs/seg_decoder_Debouncer_0_0_synth_1/seg_decoder_Debouncer_0_0.dcp' has been generated.
write_checkpoint: Time (s): cpu = 00:00:28 ; elapsed = 00:00:31 . Memory (MB): peak = 1443.441 ; gain = 398.172
WARNING: [Common 17-576] 'use_project_ipc' is deprecated. This option is deprecated and no longer used.
Netlist sorting complete. Time (s): cpu = 00:00:00 ; elapsed = 00:00:00 . Memory (MB): peak = 1444.449 ; gain = 0.000
WARNING: [Constraints 18-5210] No constraints selected for write.
Resolution: This message can indicate that there are no constraints for the design, or it can indicate that the used_in flags are set such that the constraints are ignored. This later case is used when running synth_design to not write synthesis constraints to the resulting checkpoint. Instead, project constraints are read when the synthesized design is opened.
INFO: [Common 17-1381] The checkpoint 'C:/vivado_workspace/Seg_Decoder_Lab2/Seg_Decoder.runs/seg_decoder_Debouncer_0_0_synth_1/seg_decoder_Debouncer_0_0.dcp' has been generated.
INFO: [runtcl-4] Executing : report_utilization -file seg_decoder_Debouncer_0_0_utilization_synth.rpt -pb seg_decoder_Debouncer_0_0_utilization_synth.pb
INFO: [Common 17-206] Exiting Vivado at Sat May 22 13:19:26 2021...
